app/build/outputs/logs/manifest-merger-debug-report.txt
-- Merging decision tree log ---
manifest
ADDED from AndroidManifest.xml:2:1
	package
		ADDED from AndroidManifest.xml:3:5
		INJECTED from AndroidManifest.xml:0:0
		INJECTED from AndroidManifest.xml:0:0
	android:versionName
		ADDED from AndroidManifest.xml:5:5
	android:versionCode
		ADDED from AndroidManifest.xml:4:5
		INJECTED from AndroidManifest.xml:0:0
		INJECTED from AndroidManifest.xml:0:0
	xmlns:android
		ADDED from AndroidManifest.xml:2:11
uses-sdk
ADDED from AndroidManifest.xml:7:5
MERGED from com.android.support:appcompat-v7:22.2.0:20:5
MERGED from com.android.support:support-v4:22.2.0:20:5
MERGED from com.android.support:support-v4:22.2.0:20:5
	android:targetSdkVersion
		ADDED from AndroidManifest.xml:9:9
		INJECTED from AndroidManifest.xml:0:0
		INJECTED from AndroidManifest.xml:0:0
	android:minSdkVersion
		ADDED from AndroidManifest.xml:8:9
		INJECTED from AndroidManifest.xml:0:0
		INJECTED from AndroidManifest.xml:0:0
uses-permission#android.permission.WRITE_SETTINGS
ADDED from AndroidManifest.xml:11:2
	android:name
		ADDED from AndroidManifest.xml:11:19
uses-permission#android.permission.WRITE_EXTERNAL_STORAGE
ADDED from AndroidManifest.xml:12:5
	android:name
		ADDED from AndroidManifest.xml:12:22
uses-permission#android.permission.RECORD_AUDIO
ADDED from AndroidManifest.xml:13:5
	android:name
		ADDED from AndroidManifest.xml:13:22
application
ADDED from AndroidManifest.xml:15:5
MERGED from com.android.support:appcompat-v7:22.2.0:22:5
MERGED from com.android.support:support-v4:22.2.0:22:5
MERGED from com.android.support:support-v4:22.2.0:22:5
	android:label
		ADDED from AndroidManifest.xml:18:9
	android:allowBackup
		ADDED from AndroidManifest.xml:16:9
	android:icon
		ADDED from AndroidManifest.xml:17:9
	android:theme
		ADDED from AndroidManifest.xml:19:9
activity#com.desire.chaudible.SplashActivity
ADDED from AndroidManifest.xml:21:5
	android:screenOrientation
		ADDED from AndroidManifest.xml:24:13
	android:theme
		ADDED from AndroidManifest.xml:23:13
	android:name
		ADDED from AndroidManifest.xml:22:13
intent-filter#android.intent.action.MAIN+android.intent.category.LAUNCHER
ADDED from AndroidManifest.xml:25:13
action#android.intent.action.MAIN
ADDED from AndroidManifest.xml:26:17
	android:name
		ADDED from AndroidManifest.xml:26:25
category#android.intent.category.LAUNCHER
ADDED from AndroidManifest.xml:28:17
	android:name
		ADDED from AndroidManifest.xml:28:27
activity#com.desire.chaudible.MainActivity
ADDED from AndroidManifest.xml:31:9
	android:screenOrientation
		ADDED from AndroidManifest.xml:35:13
	android:label
		ADDED from AndroidManifest.xml:33:13
	android:parentActivityName
		ADDED from AndroidManifest.xml:34:13
	android:name
		ADDED from AndroidManifest.xml:32:13
intent-filter#android.intent.action.PICK+android.intent.category.BROWSABLE+android.intent.category.DEFAULT
ADDED from AndroidManifest.xml:37:24
action#android.intent.action.PICK
ADDED from AndroidManifest.xml:38:5
	android:name
		ADDED from AndroidManifest.xml:38:13
category#android.intent.category.DEFAULT
ADDED from AndroidManifest.xml:39:5
	android:name
		ADDED from AndroidManifest.xml:39:15
category#android.intent.category.BROWSABLE
ADDED from AndroidManifest.xml:40:5
	android:name
		ADDED from AndroidManifest.xml:40:15
data
ADDED from AndroidManifest.xml:41:5
	android:mimeType
		ADDED from AndroidManifest.xml:41:11
intent-filter#android.intent.category.DEFAULT+com.whatsapp.action.GET_CONTENT
ADDED from AndroidManifest.xml:44:3
action#com.whatsapp.action.GET_CONTENT
ADDED from AndroidManifest.xml:45:5
	android:name
		ADDED from AndroidManifest.xml:45:13
intent-filter#android.intent.action.GET_CONTENT+android.intent.category.DEFAULT
ADDED from AndroidManifest.xml:50:4
action#android.intent.action.GET_CONTENT
ADDED from AndroidManifest.xml:51:17
	android:name
		ADDED from AndroidManifest.xml:52:21
intent-filter#android.intent.category.DEFAULT+com.android.soundrecorder.SoundRecorder
ADDED from AndroidManifest.xml:61:3
action#com.android.soundrecorder.SoundRecorder
ADDED from AndroidManifest.xml:62:17
	android:name
		ADDED from AndroidManifest.xml:63:21
intent-filter#android.intent.category.DEFAULT+android.provider.MediaStore.RECORD_SOUND
ADDED from AndroidManifest.xml:67:13
action#android.provider.MediaStore.RECORD_SOUND
ADDED from AndroidManifest.xml:68:17
	android:name
		ADDED from AndroidManifest.xml:69:21
intent-filter#android.intent.action.GET_CONTENT+android.intent.action.PICK+android.intent.action.RECORD_SOUND+android.intent.category.DEFAULT
ADDED from AndroidManifest.xml:95:3
action#android.intent.action.RECORD_SOUND
ADDED from AndroidManifest.xml:98:3
	android:name
		ADDED from AndroidManifest.xml:98:11
intent-filter#android.intent.category.DEFAULT+android.provider.MediaStore.action.RECORD_SOUND
ADDED from AndroidManifest.xml:104:3
action#android.provider.MediaStore.action.RECORD_SOUND
ADDED from AndroidManifest.xml:105:17
	android:name
		ADDED from AndroidManifest.xml:105:25
intent-filter#MediaStore.Audio.Media.RECORD_SOUND_ACTION+android.intent.category.DEFAULT
ADDED from AndroidManifest.xml:108:1
action#MediaStore.Audio.Media.RECORD_SOUND_ACTION
ADDED from AndroidManifest.xml:109:17
	android:name
		ADDED from AndroidManifest.xml:109:25
intent-filter#android.intent.category.DEFAULT+com.whatsapp.action.WHATSAPP_RECORDING
ADDED from AndroidManifest.xml:115:3
action#com.whatsapp.action.WHATSAPP_RECORDING
ADDED from AndroidManifest.xml:116:5
	android:name
		ADDED from AndroidManifest.xml:116:13
intent-filter#android.intent.category.DEFAULT+com.bsb.hike.action.GET_CONTENT
ADDED from AndroidManifest.xml:122:3
action#com.bsb.hike.action.GET_CONTENT
ADDED from AndroidManifest.xml:123:5
	android:name
		ADDED from AndroidManifest.xml:123:13
intent-filter#android.intent.action.PICK
ADDED from AndroidManifest.xml:129:3
intent-filter#android.intent.action.GET_CONTENT+android.intent.category.DEFAULT+android.intent.category.OPENABLE
ADDED from AndroidManifest.xml:142:9
category#android.intent.category.OPENABLE
ADDED from AndroidManifest.xml:145:17
	android:name
		ADDED from AndroidManifest.xml:145:27
activity#com.desire.chaudible.RecordActivity
ADDED from AndroidManifest.xml:153:9
	android:screenOrientation
		ADDED from AndroidManifest.xml:157:13
	android:label
		ADDED from AndroidManifest.xml:155:13
	android:parentActivityName
		ADDED from AndroidManifest.xml:156:13
	android:name
		ADDED from AndroidManifest.xml:154:13
activity#com.desire.chaudible.GallaryActivity
ADDED from AndroidManifest.xml:159:9
	android:screenOrientation
		ADDED from AndroidManifest.xml:163:13
	android:label
		ADDED from AndroidManifest.xml:161:13
	android:parentActivityName
		ADDED from AndroidManifest.xml:162:13
	android:name
		ADDED from AndroidManifest.xml:160:13
meta-data#android.support.PARENT_ACTIVITY
ADDED from AndroidManifest.xml:164:13
	android:value
		ADDED from AndroidManifest.xml:166:17
	android:name
		ADDED from AndroidManifest.xml:165:17